<?xml version="1.0" encoding="UTF-8"?>
<testsuite xmlns:xsi="http://www.w3.org/2001/XMLSchema-instance" xsi:noNamespaceSchemaLocation="https://maven.apache.org/surefire/maven-surefire-plugin/xsd/surefire-test-report-3.0.xsd" version="3.0" name="com.ardy.odyssey.day02.TaxCalculatorTest" time="0.186" tests="5" errors="0" skipped="0" failures="0">
  <properties>
[...]
</properties>
  <testcase name="testSingaporeTaxHigherBracket" classname="com.ardy.odyssey.day02.TaxCalculatorTest" time="0.036"/>
  <testcase name="testIndonesiaTaxWithExpenses" classname="com.ardy.odyssey.day02.TaxCalculatorTest" time="0.002"/>
  <testcase name="testSingaporeTaxLowerBracket" classname="com.ardy.odyssey.day02.TaxCalculatorTest" time="0.002"/>
  <testcase name="testIndonesiaTax(double, double, double)[1]" classname="com.ardy.odyssey.day02.TaxCalculatorTest" time="0.031"/>
  <testcase name="testIndonesiaTax(double, double, double)[2]" classname="com.ardy.odyssey.day02.TaxCalculatorTest" time="0.001"/>
</testsuite>